保存账户快照失败: MongoDB unavailable: No module named 'pymongo'
Traceback (most recent call last):
  File "C:\Users\23669\OneDrive\Desktop\毕业设计\StockManager_Backendcode\apps\utils\db.py", line 30, in _import_mongo_client
    from pymongo import MongoClient
ModuleNotFoundError: No module named 'pymongo'

During handling of the above exception, another exception occurred:

Traceback (most recent call last):
  File "C:\Users\23669\OneDrive\Desktop\毕业设计\StockManager_Backendcode\apps\utils\db.py", line 51, in get_mongodb_client
    MongoClient = _import_mongo_client()
  File "C:\Users\23669\OneDrive\Desktop\毕业设计\StockManager_Backendcode\apps\utils\db.py", line 43, in _import_mongo_client
    from pymongo import MongoClient
ModuleNotFoundError: No module named 'pymongo'

During handling of the above exception, another exception occurred:

Traceback (most recent call last):
  File "C:\Users\23669\OneDrive\Desktop\毕业设计\StockManager_Backendcode\apps\utils\data_storage.py", line 197, in save_account_snapshot
    ensure_snapshot_storage_ready()
  File "C:\Users\23669\OneDrive\Desktop\毕业设计\StockManager_Backendcode\apps\utils\data_storage.py", line 67, in ensure_snapshot_storage_ready
    latest = _latest_collection()
  File "C:\Users\23669\OneDrive\Desktop\毕业设计\StockManager_Backendcode\apps\utils\data_storage.py", line 52, in _latest_collection
    db = get_mongodb_db()
  File "C:\Users\23669\OneDrive\Desktop\毕业设计\StockManager_Backendcode\apps\utils\db.py", line 64, in get_mongodb_db
    client = get_mongodb_client()
  File "C:\Users\23669\OneDrive\Desktop\毕业设计\StockManager_Backendcode\apps\utils\db.py", line 57, in get_mongodb_client
    raise Exception(f'MongoDB unavailable: {str(e)}')
Exception: MongoDB unavailable: No module named 'pymongo'
读取全部最新账户快照失败: MongoDB unavailable: No module named 'pymongo'
Traceback (most recent call last):
  File "C:\Users\23669\OneDrive\Desktop\毕业设计\StockManager_Backendcode\apps\utils\db.py", line 30, in _import_mongo_client
    from pymongo import MongoClient
ModuleNotFoundError: No module named 'pymongo'

During handling of the above exception, another exception occurred:

Traceback (most recent call last):
  File "C:\Users\23669\OneDrive\Desktop\毕业设计\StockManager_Backendcode\apps\utils\db.py", line 51, in get_mongodb_client
    MongoClient = _import_mongo_client()
  File "C:\Users\23669\OneDrive\Desktop\毕业设计\StockManager_Backendcode\apps\utils\db.py", line 43, in _import_mongo_client
    from pymongo import MongoClient
ModuleNotFoundError: No module named 'pymongo'

During handling of the above exception, another exception occurred:

Traceback (most recent call last):
  File "C:\Users\23669\OneDrive\Desktop\毕业设计\StockManager_Backendcode\apps\utils\data_storage.py", line 262, in get_all_latest_account_states
    ensure_snapshot_storage_ready()
  File "C:\Users\23669\OneDrive\Desktop\毕业设计\StockManager_Backendcode\apps\utils\data_storage.py", line 67, in ensure_snapshot_storage_ready
    latest = _latest_collection()
  File "C:\Users\23669\OneDrive\Desktop\毕业设计\StockManager_Backendcode\apps\utils\data_storage.py", line 52, in _latest_collection
    db = get_mongodb_db()
  File "C:\Users\23669\OneDrive\Desktop\毕业设计\StockManager_Backendcode\apps\utils\db.py", line 64, in get_mongodb_db
    client = get_mongodb_client()
  File "C:\Users\23669\OneDrive\Desktop\毕业设计\StockManager_Backendcode\apps\utils\db.py", line 57, in get_mongodb_client
    raise Exception(f'MongoDB unavailable: {str(e)}')
Exception: MongoDB unavailable: No module named 'pymongo'
[25/Apr/2026 14:08:55] "GET /api/account-info/?mock=false&source=mongodb HTTP/1.1" 200 149
